Connecting to database specified by database.yml
Connecting to database specified by database.yml
Connecting to database specified by database.yml
Connecting to database specified by database.yml
Connecting to database specified by database.yml
  [1m[36m (66.5ms)[0m  [1mCREATE TABLE "schema_migrations" ("version" character varying(255) NOT NULL) [0m
  [1m[35m (3.5ms)[0m   SELECT distinct i.relname, d.indisunique, d.indkey, pg_get_indexdef(d.indexrelid), t.oid
 FROM pg_class t
 INNER JOIN pg_index d ON t.oid = d.indrelid
 INNER JOIN pg_class i ON d.indexrelid = i.oid
 WHERE i.relkind = 'i'
 AND d.indisprimary = 'f'
 AND t.relname = 'schema_migrations'
 AND i.relnamespace IN (SELECT oid FROM pg_namespace WHERE nspname = ANY (current_schemas(false)) )
 ORDER BY i.relname

  [1m[36m (49.0ms)[0m  [1mCREATE UNIQUE INDEX "unique_schema_migrations" ON "schema_migrations" ("version")[0m
  [1m[35m (0.5ms)[0m  SELECT "schema_migrations"."version" FROM "schema_migrations" 
Migrating to CreateOperationNumbers (20140618114535)
  [1m[36m (0.0ms)[0m  [1mBEGIN[0m
  [1m[35m (146.0ms)[0m  CREATE TABLE "operation_numbers" ("id" serial primary key, "operation_numbers" integer, "train_numbers" integer, "created_at" timestamp NOT NULL, "updated_at" timestamp NOT NULL) 
  [1m[36m (9.5ms)[0m  [1mINSERT INTO "schema_migrations" ("version") VALUES ('20140618114535')[0m
  [1m[35m (1.0ms)[0m  COMMIT
Migrating to CreateTrainNumbers (20140618114924)
  [1m[36m (19.5ms)[0m  [1mBEGIN[0m
  [1m[35m (48.5ms)[0m  CREATE TABLE "train_numbers" ("id" serial primary key, "train_lines" integer, "train_numbers" integer, "created_at" timestamp NOT NULL, "updated_at" timestamp NOT NULL) 
  [1m[36m (0.5ms)[0m  [1mINSERT INTO "schema_migrations" ("version") VALUES ('20140618114924')[0m
  [1m[35m (0.5ms)[0m  COMMIT
Migrating to CreateTrainLines (20140618114944)
  [1m[36m (0.5ms)[0m  [1mBEGIN[0m
  [1m[35m (37.0ms)[0m  CREATE TABLE "train_lines" ("id" serial primary key, "operation_numbers" integer, "train_lines" integer, "train_lines_name" character varying(255), "created_at" timestamp NOT NULL, "updated_at" timestamp NOT NULL) 
  [1m[36m (0.0ms)[0m  [1mINSERT INTO "schema_migrations" ("version") VALUES ('20140618114944')[0m
  [1m[35m (0.0ms)[0m  COMMIT
Migrating to CreateOperationHistories (20140618115204)
  [1m[36m (1.0ms)[0m  [1mBEGIN[0m
  [1m[35m (51.0ms)[0m  CREATE TABLE "operation_histories" ("id" serial primary key, "operation_date" date, "train_numbers" integer, "operation_numbers" integer, "created_at" timestamp NOT NULL, "updated_at" timestamp NOT NULL) 
  [1m[36m (0.5ms)[0m  [1mINSERT INTO "schema_migrations" ("version") VALUES ('20140618115204')[0m
  [1m[35m (0.5ms)[0m  COMMIT
  [1m[36m (0.5ms)[0m  [1mSELECT "schema_migrations"."version" FROM "schema_migrations" [0m
  [1m[35mPK and serial sequence (4.0ms)[0m   SELECT attr.attname, seq.relname
 FROM pg_class seq,
 pg_attribute attr,
 pg_depend dep,
 pg_namespace name,
 pg_constraint cons
 WHERE seq.oid = dep.objid
 AND seq.relkind = 'S'
 AND attr.attrelid = dep.refobjid
 AND attr.attnum = dep.refobjsubid
 AND attr.attrelid = cons.conrelid
 AND attr.attnum = cons.conkey[1]
 AND cons.contype = 'p'
 AND dep.refobjid = '"operation_histories"'::regclass

  [1m[36m (2.5ms)[0m  [1m SELECT distinct i.relname, d.indisunique, d.indkey, pg_get_indexdef(d.indexrelid), t.oid
 FROM pg_class t
 INNER JOIN pg_index d ON t.oid = d.indrelid
 INNER JOIN pg_class i ON d.indexrelid = i.oid
 WHERE i.relkind = 'i'
 AND d.indisprimary = 'f'
 AND t.relname = 'operation_histories'
 AND i.relnamespace IN (SELECT oid FROM pg_namespace WHERE nspname = ANY (current_schemas(false)) )
 ORDER BY i.relname
[0m
  [1m[35mPK and serial sequence (1.5ms)[0m   SELECT attr.attname, seq.relname
 FROM pg_class seq,
 pg_attribute attr,
 pg_depend dep,
 pg_namespace name,
 pg_constraint cons
 WHERE seq.oid = dep.objid
 AND seq.relkind = 'S'
 AND attr.attrelid = dep.refobjid
 AND attr.attnum = dep.refobjsubid
 AND attr.attrelid = cons.conrelid
 AND attr.attnum = cons.conkey[1]
 AND cons.contype = 'p'
 AND dep.refobjid = '"operation_numbers"'::regclass

  [1m[36m (1.0ms)[0m  [1m SELECT distinct i.relname, d.indisunique, d.indkey, pg_get_indexdef(d.indexrelid), t.oid
 FROM pg_class t
 INNER JOIN pg_index d ON t.oid = d.indrelid
 INNER JOIN pg_class i ON d.indexrelid = i.oid
 WHERE i.relkind = 'i'
 AND d.indisprimary = 'f'
 AND t.relname = 'operation_numbers'
 AND i.relnamespace IN (SELECT oid FROM pg_namespace WHERE nspname = ANY (current_schemas(false)) )
 ORDER BY i.relname
[0m
  [1m[35mPK and serial sequence (2.0ms)[0m   SELECT attr.attname, seq.relname
 FROM pg_class seq,
 pg_attribute attr,
 pg_depend dep,
 pg_namespace name,
 pg_constraint cons
 WHERE seq.oid = dep.objid
 AND seq.relkind = 'S'
 AND attr.attrelid = dep.refobjid
 AND attr.attnum = dep.refobjsubid
 AND attr.attrelid = cons.conrelid
 AND attr.attnum = cons.conkey[1]
 AND cons.contype = 'p'
 AND dep.refobjid = '"train_lines"'::regclass

  [1m[36m (1.0ms)[0m  [1m SELECT distinct i.relname, d.indisunique, d.indkey, pg_get_indexdef(d.indexrelid), t.oid
 FROM pg_class t
 INNER JOIN pg_index d ON t.oid = d.indrelid
 INNER JOIN pg_class i ON d.indexrelid = i.oid
 WHERE i.relkind = 'i'
 AND d.indisprimary = 'f'
 AND t.relname = 'train_lines'
 AND i.relnamespace IN (SELECT oid FROM pg_namespace WHERE nspname = ANY (current_schemas(false)) )
 ORDER BY i.relname
[0m
  [1m[35mPK and serial sequence (1.5ms)[0m   SELECT attr.attname, seq.relname
 FROM pg_class seq,
 pg_attribute attr,
 pg_depend dep,
 pg_namespace name,
 pg_constraint cons
 WHERE seq.oid = dep.objid
 AND seq.relkind = 'S'
 AND attr.attrelid = dep.refobjid
 AND attr.attnum = dep.refobjsubid
 AND attr.attrelid = cons.conrelid
 AND attr.attnum = cons.conkey[1]
 AND cons.contype = 'p'
 AND dep.refobjid = '"train_numbers"'::regclass

  [1m[36m (1.0ms)[0m  [1m SELECT distinct i.relname, d.indisunique, d.indkey, pg_get_indexdef(d.indexrelid), t.oid
 FROM pg_class t
 INNER JOIN pg_index d ON t.oid = d.indrelid
 INNER JOIN pg_class i ON d.indexrelid = i.oid
 WHERE i.relkind = 'i'
 AND d.indisprimary = 'f'
 AND t.relname = 'train_numbers'
 AND i.relnamespace IN (SELECT oid FROM pg_namespace WHERE nspname = ANY (current_schemas(false)) )
 ORDER BY i.relname
[0m
Connecting to database specified by database.yml
Connecting to database specified by database.yml
Connecting to database specified by database.yml
Connecting to database specified by database.yml
